uBridge version 0.9.19 running with libpcap version 1.10.3 (with TPACKET_V3)
Hypervisor TCP control server started (IP localhost port 42659).
UDP tunnel connecting from local port 10000 to IPv4 address 127.0.0.1 on port 10001
Source NIO listener thread for bridge0 has started
Destination NIO listener thread for bridge0 has started
send: Connection refused
send: Connection refused
send: Connection refused
send: Connection refused
send: Connection refused
send: Connection refused
UDP tunnel connecting from local port 10003 to IPv4 address 127.0.0.1 on port 10002
Destination NIO listener thread for bridge1 has started
Source NIO listener thread for bridge1 has started
send: Connection refused
send: Connection refused
send: Connection refused
send: Connection refused
send: Connection refused
send: Connection refused
recv: Connection refused
